<?xml version="1.0" encoding="UTF-8"?>
<testsuite xmlns:xsi="http://www.w3.org/2001/XMLSchema-instance" xsi:noNamespaceSchemaLocation="https://maven.apache.org/surefire/maven-surefire-plugin/xsd/surefire-test-report-3.0.xsd" version="3.0" name="testPackage.gmodelTests" time="0.037" tests="8" errors="0" skipped="0" failures="0">
  <properties>
[...]
</properties>
  <testcase name="gModelFinalIndexMethodCheck" classname="testPackage.gmodelTests" time="0.015"/>
  <testcase name="gModelSetTypeToCheck" classname="testPackage.gmodelTests" time="0.002"/>
  <testcase name="gModelStartCheck" classname="testPackage.gmodelTests" time="0.001"/>
  <testcase name="gModelSetTypeToCheck_TWO" classname="testPackage.gmodelTests" time="0.001"/>
  <testcase name="gModelCorrectHeightCheck" classname="testPackage.gmodelTests" time="0.001"/>
  <testcase name="gModelResetStartCheck" classname="testPackage.gmodelTests" time="0"/>
  <testcase name="gModelCorrectWidthCheck" classname="testPackage.gmodelTests" time="0"/>
  <testcase name="gModelCorrectCellArrayCheck" classname="testPackage.gmodelTests" time="0.001"/>
</testsuite>